<?xml version="1.0" encoding="UTF-8"?>
<robot generator="Robot 3.2.2 (Python 3.9.0 on win32)" generated="20201029 14:38:18.156" rpa="false">
<suite id="s1" name="AppiumProject" source="D:\Selenium\RobotWorkplace\AppiumProject">
<suite id="s1-s1" name="Webappsuite" source="D:\Selenium\RobotWorkplace\AppiumProject\webappsuite">
<suite id="s1-s1-s1" name="Webappsuite" source="D:\Selenium\RobotWorkplace\AppiumProject\webappsuite\webappsuite.robot">
<test id="s1-s1-s1-t1" name="MagentoInvalidCredentialTest">
<kw name="Log To Console" library="BuiltIn">
<doc>Logs the given message to the console.</doc>
<arguments>
<arg>${EXECDIR}${/}driver${/}chromedriver.exe</arg>
</arguments>
<status status="PASS" starttime="20201029 14:38:18.444" endtime="20201029 14:38:18.445"></status>
</kw>
<kw name="Open Application" library="AppiumLibrary">
<doc>Opens a new application to given Appium server.
Capabilities of appium server, Android and iOS,
Please check https://github.com/appium/appium/blob/master/docs/en/writing-running-appium/server-args.md
| *Option*            | *Man.* | *Description*     |
| remote_url          | Yes    | Appium server url |
| alias               | no     | alias             |</doc>
<arguments>
<arg>remote_url=http://localhost:4723/wd/hub</arg>
<arg>platformName=android</arg>
<arg>DeviceName=emulator</arg>
<arg>browserName=chrome</arg>
<arg>chromedriverExecutable=${EXECDIR}${/}driver${/}chromedriver.exe</arg>
</arguments>
<status status="PASS" starttime="20201029 14:38:18.445" endtime="20201029 14:38:34.190"></status>
</kw>
<kw name="Go To Url" library="AppiumLibrary">
<doc>Opens URL in default web browser.</doc>
<arguments>
<arg>https://magento.com/</arg>
</arguments>
<status status="PASS" starttime="20201029 14:38:34.191" endtime="20201029 14:38:36.935"></status>
</kw>
<kw name="Click Element" library="AppiumLibrary">
<doc>Click element identified by `locator`.</doc>
<arguments>
<arg>//header/button[1]</arg>
</arguments>
<msg timestamp="20201029 14:38:36.937" level="INFO">Clicking element '//header/button[1]'.</msg>
<kw name="Capture Page Screenshot" library="AppiumLibrary">
<doc>Takes a screenshot of the current page and embeds it into the log.</doc>
<msg timestamp="20201029 14:38:39.772" level="FAIL">WebDriverException: Message: An unknown server-side error occurred while processing the command. Original error: chrome not reachable
  (Session info: chrome=86.0.4240.110)
</msg>
<status status="FAIL" starttime="20201029 14:38:38.252" endtime="20201029 14:38:39.772"></status>
</kw>
<msg timestamp="20201029 14:38:39.773" level="WARN">Keyword 'Capture Page Screenshot' could not be run on failure: WebDriverException: Message: An unknown server-side error occurred while processing the command. Original error: chrome not reachable
  (Session info: chrome=86.0.4240.110)
</msg>
<msg timestamp="20201029 14:38:39.842" level="FAIL">WebDriverException: Message: An unknown server-side error occurred while processing the command. Original error: chrome not reachable
  (Session info: chrome=86.0.4240.110)
</msg>
<status status="FAIL" starttime="20201029 14:38:36.936" endtime="20201029 14:38:39.842"></status>
</kw>
<status status="FAIL" starttime="20201029 14:38:18.444" endtime="20201029 14:38:39.842" critical="yes">WebDriverException: Message: An unknown server-side error occurred while processing the command. Original error: chrome not reachable
  (Session info: chrome=86.0.4240.110)
</status>
</test>
<status status="FAIL" starttime="20201029 14:38:18.221" endtime="20201029 14:38:39.843"></status>
</suite>
<status status="FAIL" starttime="20201029 14:38:18.218" endtime="20201029 14:38:39.844"></status>
</suite>
<status status="FAIL" starttime="20201029 14:38:18.187" endtime="20201029 14:38:39.845"></status>
</suite>
<statistics>
<total>
<stat pass="0" fail="1">Critical Tests</stat>
<stat pass="0" fail="1">All Tests</stat>
</total>
<tag>
</tag>
<suite>
<stat pass="0" fail="1" id="s1" name="AppiumProject">AppiumProject</stat>
<stat pass="0" fail="1" id="s1-s1" name="Webappsuite">AppiumProject.Webappsuite</stat>
<stat pass="0" fail="1" id="s1-s1-s1" name="Webappsuite">AppiumProject.Webappsuite.Webappsuite</stat>
</suite>
</statistics>
<errors>
<msg timestamp="20201029 14:38:39.773" level="WARN">Keyword 'Capture Page Screenshot' could not be run on failure: WebDriverException: Message: An unknown server-side error occurred while processing the command. Original error: chrome not reachable
  (Session info: chrome=86.0.4240.110)
</msg>
</errors>
</robot>
